Running
Push Notification10:0
Push Notification10:0
Push Notification10:0
Push Notification11:0
Push Notification11:0
Push Notification11:0
Push Notification12:0
Push Notification12:0
Push Notification12:0
Push Notification13:0
Push Notification13:0
Push Notification13:0
Push Notification14:0
Push Notification14:0
Push Notification14:0
Push Notification15:0
Push Notification15:0
Push Notification15:0
Push Notification16:0
Push Notification16:0
Push Notification16:0
Push Notification17:0
Push Notification17:0
Push Notification17:0
* 04-05-2017 Running Evening 18:00 PM Properly
Push Notification18:0
[Errno 2] No such file or directory: '4-5-2017'
Push Notification18:0
Push Notification18:0
Push Notification19:0
Push Notification19:0
Push Notification19:0
Push Notification20:0
Push Notification20:0
Push Notification20:0
Push Notification21:0
Push Notification21:0
Push Notification21:0
Push Notification22:0
Push Notification22:0
Push Notification22:0
Push Notification23:0
Push Notification23:0
Push Notification23:0
* 04-05-2017 Running MIDNIGHT 23:59 PM Properly
-End Day-
-------------
File not open for writing
Push Notification0:0
Push Notification0:0
Push Notification0:0
Push Notification1:0
Push Notification1:0
Push Notification1:0
Push Notification2:0
Push Notification2:0
Push Notification2:0
Push Notification3:0
Push Notification3:0
Push Notification3:0
Push Notification4:0
Push Notification4:0
Push Notification4:0
Push Notification5:0
Push Notification5:0
Push Notification5:0
Push Notification6:0
Push Notification6:0
Push Notification6:0
Push Notification7:0
Push Notification7:0
Push Notification7:0
-------------
Begin new Day
* 05-05-2017 Running Morning 8:00 AM Properly
Push Notification8:0
Push Notification8:0
Push Notification8:0
Push Notification9:0
Push Notification9:0
Push Notification9:0
Push Notification10:0
Push Notification10:0
Push Notification10:0
Push Notification11:0
Push Notification11:0
Push Notification11:0
Push Notification12:0
Push Notification12:0
Push Notification12:0
Push Notification13:0
Push Notification13:0
Push Notification13:0
Push Notification14:0
Push Notification14:0
Push Notification14:0
Push Notification15:0
Push Notification15:0
Push Notification16:0
Push Notification16:0
Push Notification16:0
Push Notification17:0
Push Notification17:0
Push Notification17:0
* 05-05-2017 Running Evening 18:00 PM Properly
Push Notification18:0
Push Notification18:0
Push Notification18:0
Push Notification19:0
Push Notification19:0
Push Notification19:0
Push Notification20:0
Push Notification20:0
Push Notification20:0
Push Notification21:0
Push Notification21:0
Push Notification21:0
Push Notification22:0
Push Notification22:0
Push Notification22:0
Push Notification23:0
Push Notification23:0
Push Notification23:0
* 05-05-2017 Running MIDNIGHT 23:59 PM Properly
-End Day-
-------------
File not open for writing
Push Notification0:0
Push Notification0:0
Push Notification0:0
Push Notification1:0
Push Notification1:0
Push Notification1:0
Push Notification2:0
Push Notification2:0
Push Notification2:0
Push Notification3:0
Push Notification3:0
Push Notification3:0
Push Notification4:0
Push Notification4:0
Push Notification4:0
Push Notification5:0
Push Notification5:0
Push Notification5:0
Push Notification6:0
Push Notification6:0
Push Notification6:0
Push Notification7:0
Push Notification7:0
Push Notification7:0
-------------
Begin new Day
* 09-05-2017 Running Morning 8:00 AM Properly
Push Notification8:0
Push Notification8:0
Push Notification8:0
Push Notification9:0
Push Notification9:0
Push Notification9:0
Push Notification10:0
Push Notification10:0
Push Notification10:0
Push Notification11:0
Push Notification11:0
Push Notification11:0
Push Notification12:0
Push Notification12:0
Push Notification12:0
Push Notification13:0
Push Notification13:0
Push Notification13:0
Push Notification14:0
Push Notification14:0
Push Notification14:0
Push Notification15:0
Push Notification15:0
Push Notification15:0
Push Notification16:0
Push Notification16:0
Push Notification16:0
Push Notification17:0
Push Notification17:0
Push Notification17:0
* 09-05-2017 Running Evening 18:00 PM Properly
Push Notification18:0
Push Notification18:0
Push Notification18:0
Push Notification19:0
Push Notification19:0
Push Notification19:0
Push Notification20:0
Push Notification20:0
Push Notification20:0
Push Notification21:0
Push Notification21:0
Push Notification21:0
Push Notification22:0
Push Notification22:0
Push Notification22:0
Push Notification23:0
Push Notification23:0
Push Notification23:0
* 09-05-2017 Running MIDNIGHT 23:59 PM Properly
-End Day-
-------------
File not open for writing
Push Notification0:0
Push Notification0:0
Push Notification0:0
Push Notification1:0
Push Notification1:0
Push Notification1:0
Push Notification2:0
Push Notification2:0
Push Notification2:0
Push Notification3:0
Push Notification3:0
Push Notification3:0
Push Notification4:0
Push Notification4:0
Push Notification4:0
Push Notification5:0
Push Notification5:0
Push Notification5:0
Push Notification6:0
Push Notification6:0
Push Notification6:0
Push Notification7:0
Push Notification7:0
Push Notification7:0
-------------
Begin new Day
* 11-05-2017 Running Morning 8:00 AM Properly
Push Notification8:0
Push Notification8:0
Push Notification8:0
Push Notification9:0
Push Notification9:0
Push Notification9:0
Push Notification10:0
Push Notification10:0
Push Notification10:0
Push Notification11:0
Push Notification11:0
Push Notification11:0
Push Notification12:0
Push Notification12:0
Push Notification12:0
Push Notification13:0
Push Notification13:0
Push Notification13:0
Push Notification14:0
Push Notification14:0
Push Notification14:0
Push Notification15:0
Push Notification15:0
Push Notification15:0
Push Notification16:0
Push Notification16:0
Push Notification16:0
Push Notification17:0
Push Notification17:0
Push Notification17:0
* 11-05-2017 Running Evening 18:00 PM Properly
Push Notification18:0
[Errno 2] No such file or directory: '11-5-2017'
Push Notification18:0
Push Notification18:0
Push Notification19:0
Push Notification19:0
Push Notification19:0
Push Notification20:0
Push Notification20:0
Push Notification20:0
Push Notification21:0
Push Notification21:0
Push Notification21:0
Push Notification22:0
Push Notification22:0
Push Notification22:0
Push Notification23:0
Push Notification23:0
Push Notification23:0
* 11-05-2017 Running MIDNIGHT 23:59 PM Properly
-End Day-
-------------
File not open for writing
Push Notification0:0
Push Notification0:0
Push Notification0:0
Push Notification1:0
Push Notification1:0
Push Notification1:0
Push Notification2:0
Push Notification2:0
Push Notification2:0
Push Notification3:0
Push Notification3:0
Push Notification3:0
Push Notification4:0
Push Notification4:0
Push Notification4:0
Push Notification5:0
Push Notification5:0
Push Notification5:0
Push Notification6:0
Push Notification6:0
Push Notification6:0
Push Notification7:0
Push Notification7:0
Push Notification7:0
-------------
Begin new Day
* 12-05-2017 Running Morning 8:00 AM Properly
Push Notification8:0
Push Notification8:0
Push Notification8:0
Push Notification9:0
Push Notification9:0
Push Notification9:0
Push Notification10:0
Push Notification10:0
Push Notification10:0
Push Notification11:0
Push Notification11:0
Push Notification11:0
Push Notification12:0
Push Notification12:0
Push Notification12:0
Push Notification13:0
Push Notification13:0
Push Notification13:0
Push Notification14:0
Push Notification14:0
Push Notification14:0
Push Notification15:0
Push Notification15:0
Push Notification15:0
Push Notification16:0
Push Notification16:0
Push Notification16:0
Push Notification17:0
Push Notification17:0
Push Notification17:0
* 12-05-2017 Running Evening 18:00 PM Properly
Push Notification18:0
Push Notification18:0
Push Notification18:0
Push Notification19:0
Push Notification19:0
Push Notification19:0
Push Notification20:0
Push Notification20:0
Push Notification20:0
Push Notification21:0
Push Notification21:0
Push Notification21:0
Push Notification22:0
Push Notification22:0
Push Notification22:0
Push Notification23:0
Push Notification23:0
Push Notification23:0
* 12-05-2017 Running MIDNIGHT 23:59 PM Properly
-End Day-
-------------
File not open for writing
Push Notification0:0
Push Notification0:0
Push Notification0:0
500
650
650
650
650
650






0
650
650
650
0
0






500
650
650
0
0
0






500
650
650
650
650
650
650
650
650
300


500
650
650
650
650
650






500
650
650
650
0
0










0
0






Skip Safe
500
650
650
650
650
0






0
0
0
0
0
0






500
650
650
650
650
650
650





500
650
650
650
650
50






500
650
650
0
0
0






0
0
0
0
0
0






500
650
650
650
0
0






500
650
650
650
650
0






500
650
650
650
650
650






500
650
650
0
0
0






500
650
650
650
0
0






500
650
650
650
650
650






500
650
650
650
50
0






500
650
650
0
0
0






0
0
0
0
0
0






500
650
650
650
650
650
650
650
650
650
650

500
0
0
0
0
0






500
650
650
650
650
650






500
650
650
650
0
0






500
650
650
0
0
0






500
650
650
0
0
0






500
650
650
650
0
0






Push Report Stuck Assoc
Push Notification1:0
Push Notification1:0
Push Notification1:0
Push Notification2:0
Push Notification2:0
Push Notification2:0
Push Notification3:0
Push Notification3:0
Push Notification3:0
Push Notification4:0
Push Notification4:0
Push Notification4:0
Push Notification5:0
Push Notification5:0
Push Notification5:0
Push Notification6:0
Push Notification6:0
Push Notification6:0
Push Notification7:0
Push Notification7:0
Push Notification7:0
-------------
Begin new Day
* 16-05-2017 Running Morning 8:00 AM Properly
Push Notification8:0
Push Notification8:0
Push Notification8:0
Push Notification9:0
Push Notification9:0
Push Notification9:0
Push Notification10:0
Push Notification10:0
Push Notification10:0
Push Notification11:0
Push Notification11:0
Push Notification12:0
Push Notification12:0
Push Notification12:0
Push Notification13:0
Push Notification13:0
Push Notification13:0
Push Notification14:0
Push Notification14:0
Push Notification14:0
Push Notification15:0
Push Notification15:0
Push Notification16:0
Push Notification16:0
Push Notification16:0
Push Notification17:0
Push Notification17:0
Push Notification17:0
* 16-05-2017 Running Evening 18:00 PM Properly
Push Notification18:0
Push Notification18:0
Push Notification18:0
Push Notification19:0
Push Notification19:0
Push Notification19:0
Push Report Stuck Big group
Push Notification20:0
Push Notification21:0
Push Notification21:0
Push Notification21:0
Push Notification22:0
Push Notification22:0
Push Notification22:0
Push Notification23:0
Push Notification23:0
Push Notification23:0
* 16-05-2017 Running MIDNIGHT 23:59 PM Properly
-End Day-
-------------
File not open for writing
Push Notification0:0
Push Notification0:0
Push Notification0:0
Push Notification1:0
Push Notification1:0
Push Notification1:0
Push Notification2:0
Push Notification2:0
Push Notification2:0
Push Notification3:0
Push Notification3:0
Push Notification3:0
Push Notification4:0
Push Notification4:0
Push Notification4:0
Push Notification5:0
Push Notification5:0
Push Notification5:0
Push Notification6:0
Push Notification6:0
Push Notification6:0
Push Notification7:0
Push Notification7:0
Push Notification7:0
-------------
Begin new Day
* 22-05-2017 Running Morning 8:00 AM Properly
Push Notification8:0
Push Notification8:0
Push Notification8:0
Push Notification9:0
Push Notification9:0
Push Notification9:0
Push Notification10:0
Push Notification10:0
Push Notification10:0
Push Notification11:0
Push Notification11:0
Push Notification11:0
Push Notification12:0
Push Notification12:0
Push Notification12:0
Push Notification13:0
Push Notification13:0
Push Notification13:0
Push Notification14:0
Push Notification14:0
Push Notification14:0
Push Notification15:0
Push Notification15:0
Push Notification15:0
Push Notification16:0
Push Notification16:0
Push Notification16:0
Push Notification17:0
Push Notification17:0
Push Notification17:0
* 22-05-2017 Running Evening 18:00 PM Properly
Push Notification18:0
Push Notification18:0
Push Notification18:0
Push Notification19:0
Push Notification19:0
Push Notification19:0
Push Notification20:0
Push Notification20:0
Push Notification20:0
Push Notification21:0
Push Notification21:0
Push Notification21:0
Push Notification22:0
Push Notification22:0
Push Notification22:0
Push Notification23:0
Push Notification23:0
Push Notification23:0
* 22-05-2017 Running MIDNIGHT 23:59 PM Properly
-End Day-
-------------
File not open for writing
Push Notification1:0
Push Notification1:0
Push Notification1:0
Push Notification2:0
Push Notification2:0
Push Notification2:0
Push Notification3:0
Push Notification3:0
Push Notification3:0
Push Notification4:0
Push Notification4:0
Push Notification4:0
Push Notification5:0
Push Notification5:0
Push Notification5:0
Push Notification6:0
Push Notification6:0
Push Notification6:0
Push Notification7:0
Push Notification7:0
Push Notification7:0
-------------
Begin new Day
* 23-05-2017 Running Morning 8:00 AM Properly
Push Notification8:0
Push Notification8:0
Push Notification8:0
Push Notification9:0
Push Notification9:0
Push Notification9:0
Push Notification10:0
Push Notification10:0
Push Notification10:0
Push Notification11:0
Push Notification11:0
Push Notification11:0
Push Notification12:0
Push Notification12:0
Push Notification12:0
Push Notification13:0
Push Notification13:0
Push Notification13:0
Push Notification14:0
Push Notification14:0
Push Notification14:0
Push Notification15:0
Push Notification15:0
Push Notification15:0
Push Notification16:0
Push Notification16:0
Push Notification16:0
Push Notification17:0
Push Notification17:0
Push Notification17:0
* 23-05-2017 Running Evening 18:00 PM Properly
Push Notification18:0
[Errno 2] No such file or directory: '23-5-2017'
Push Notification18:0
Push Notification18:0
Push Notification19:0
Push Notification19:0
Push Notification19:0
Push Notification20:0
Push Notification20:0
Push Notification20:0
Push Notification21:0
Push Notification21:0
Push Notification21:0
Push Notification22:0
Push Notification22:0
Push Notification22:0
Push Notification23:0
Push Notification23:0
Push Notification23:0
* 23-05-2017 Running MIDNIGHT 23:59 PM Properly
-End Day-
-------------
File not open for writing
Push Notification0:0
Push Notification0:0
Push Notification0:0
Push Notification1:0
Push Notification1:0
Push Notification1:0
Push Notification2:0
Push Notification2:0
Push Notification2:0
Push Notification3:0
Push Notification3:0
Push Notification3:0
Push Notification4:0
Push Notification4:0
Push Notification4:0
Push Notification5:0
Push Notification5:0
Push Notification5:0
Push Notification6:0
Push Notification6:0
Push Notification6:0
Push Notification7:0
Push Notification7:0
Push Notification7:0
-------------
Begin new Day
* 24-05-2017 Running Morning 8:00 AM Properly
Push Notification8:0
Push Notification8:0
Push Notification9:0
Push Notification9:0
Push Notification9:0
Push Notification10:0
Push Notification10:0
Push Notification10:0
Push Notification11:0
Push Notification11:0
Push Notification11:0
Push Notification12:0
Push Notification12:0
Push Notification12:0
Push Notification13:0
Push Notification13:0
Push Notification13:0
Push Notification14:0
Push Notification14:0
Push Notification14:0
Push Notification15:0
Push Notification15:0
Push Notification15:0
Push Notification16:0
Push Notification16:0
Push Notification16:0
Push Notification17:0
Push Notification17:0
Push Notification17:0
* 24-05-2017 Running Evening 18:00 PM Properly
Push Notification18:0
[Errno 2] No such file or directory: '24-5-2017'
Push Notification18:0
Push Notification18:0
Push Notification19:0
Push Notification19:0
Push Notification19:0
Push Notification20:0
Push Notification20:0
Push Notification20:0
Push Notification21:0
Push Notification21:0
Push Notification21:0
Push Notification22:0
Push Notification22:0
Push Notification22:0
Push Notification23:0
Push Notification23:0
Push Notification23:0
* 24-05-2017 Running MIDNIGHT 23:59 PM Properly
-End Day-
-------------
File not open for writing
Push Notification1:0
Push Notification1:0
Push Notification1:0
Push Notification2:0
Push Notification2:0
Push Notification2:0
Push Notification3:0
Push Notification3:0
Push Notification3:0
Push Notification4:0
Push Notification4:0
Push Notification4:0
Push Notification5:0
Push Notification5:0
Push Notification5:0
Push Notification6:0
Push Notification6:0
Push Notification6:0
Push Notification7:0
Push Notification7:0
Push Notification7:0
-------------
Begin new Day
* 25-05-2017 Running Morning 8:00 AM Properly
Push Notification8:0
Push Notification8:0
Push Notification8:0
Push Notification9:0
Push Notification9:0
Push Notification9:0
Push Notification10:0
Push Notification10:0
Push Notification10:0
Push Notification11:0
Push Notification11:0
Push Notification11:0
Push Notification12:0
Push Notification12:0
Push Notification13:0
Push Notification13:0
Push Notification13:0
Push Notification14:0
Push Notification14:0
Push Notification14:0
Push Notification15:0
Push Notification15:0
Push Notification15:0
Push Notification16:0
Push Notification16:0
Push Notification16:0
Push Notification17:0
Push Notification17:0
Push Notification17:0
* 25-05-2017 Running Evening 18:00 PM Properly
Push Notification18:0
[Errno 2] No such file or directory: '25-5-2017'
Push Notification18:0
Push Notification18:0
Push Notification19:0
Push Notification19:0
Push Notification19:0
Push Notification20:0
Push Notification20:0
Push Notification20:0
Push Notification21:0
Push Notification21:0
Push Notification21:0
Push Notification22:0
Push Notification22:0
Push Notification22:0
Push Notification23:0
Push Notification23:0
Push Notification23:0
* 25-05-2017 Running MIDNIGHT 23:59 PM Properly
-End Day-
-------------
File not open for writing
Push Notification0:0
Push Notification0:0
Push Notification0:0
Push Notification1:0
Push Notification1:0
Push Notification1:0
Push Notification2:0
Push Notification2:0
Push Notification2:0
Push Notification3:0
Push Notification3:0
Push Notification3:0
Push Notification4:0
Push Notification4:0
Push Notification4:0
Push Notification5:0
Push Notification5:0
Push Notification5:0
Push Notification6:0
Push Notification6:0
Push Notification7:0
Push Notification7:0
Push Notification7:0
-------------
Begin new Day
* 26-05-2017 Running Morning 8:00 AM Properly
Push Notification8:0
Push Notification8:0
Push Notification8:0
Push Notification9:0
Push Notification9:0
Push Notification9:0
Push Notification10:0
Push Notification10:0
Push Notification10:0
Push Notification11:0
Push Notification11:0
Push Notification11:0
Push Notification12:0
Push Notification12:0
Push Notification12:0
Push Notification13:0
Push Notification13:0
Push Notification13:0
Push Notification14:0
Push Notification14:0
Push Notification14:0
Push Notification15:0
Push Notification15:0
Push Notification15:0
Push Notification16:0
Push Notification16:0
Push Notification16:0
Push Notification17:0
Push Notification17:0
Push Notification17:0
* 26-05-2017 Running Evening 18:00 PM Properly
Push Notification18:0
Push Notification18:0
Push Notification18:0
Push Notification19:0
Push Notification19:0
Push Notification19:0
Push Notification20:0
Push Notification20:0
Push Notification20:0
Push Notification21:0
Push Notification21:0
Push Notification21:0
Push Notification22:0
Push Notification22:0
Push Notification22:0
Push Notification23:0
Push Notification23:0
Push Notification23:0
* 26-05-2017 Running MIDNIGHT 23:59 PM Properly
-End Day-
-------------
File not open for writing
Push Notification0:0
Push Notification0:0
Push Notification0:0
Push Notification1:0
Push Notification1:0
Push Notification1:0
Push Notification2:0
Push Notification2:0
Push Notification2:0
Push Notification3:0
Push Notification3:0
Push Notification3:0
Push Notification4:0
Push Notification4:0
Push Notification4:0
Push Notification5:0
Push Notification5:0
Push Notification5:0
Push Notification6:0
Push Notification6:0
Push Notification6:0
Push Notification7:0
Push Notification7:0
Push Notification7:0
-------------
Begin new Day
* 28-05-2017 Running Morning 8:00 AM Properly
Push Notification8:0
Push Notification8:0
Push Notification8:0
Push Notification9:0
Push Notification9:0
Push Notification9:0
Push Notification10:0
Push Notification10:0
Push Notification10:0
Push Notification11:0
Push Notification11:0
Push Notification11:0
Push Notification12:0
Push Notification12:0
Push Notification12:0
Push Notification13:0
Push Notification13:0
Push Notification13:0
Push Notification14:0
Push Notification14:0
Push Notification14:0
Push Notification15:0
Push Notification15:0
Push Notification15:0
Push Notification16:0
Push Notification16:0
Push Notification16:0
Push Notification17:0
Push Notification17:0
Push Notification17:0
* 28-05-2017 Running Evening 18:00 PM Properly
Push Notification18:0
Push Notification18:0
Push Notification18:0
Push Notification19:0
Push Notification19:0
Push Notification19:0
Push Notification20:0
Push Notification20:0
Push Notification20:0
Push Notification21:0
Push Notification21:0
Push Notification21:0
Push Notification22:0
Push Notification22:0
Push Notification22:0
Push Notification23:0
Push Notification23:0
Push Notification23:0
* 28-05-2017 Running MIDNIGHT 23:59 PM Properly
-End Day-
-------------
File not open for writing
Push Notification0:0
Push Notification0:0
Push Notification0:0
Push Notification1:0
Push Notification1:0
Push Notification1:0
Push Notification2:0
Push Notification2:0
Push Notification2:0
Push Notification3:0
Push Notification3:0
Push Notification3:0
Push Notification4:0
Push Notification4:0
Push Notification4:0
Push Notification5:0
Push Notification5:0
Push Notification5:0
Push Notification6:0
Push Notification6:0
Push Notification6:0
Push Notification7:0
Push Notification7:0
Push Notification7:0
-------------
Begin new Day
* 05-06-2017 Running Morning 8:00 AM Properly
Push Notification8:0
Push Notification8:0
Push Notification8:0
Push Notification9:0
Push Notification9:0
Push Notification9:0
Push Notification10:0
Push Notification10:0
Push Notification10:0
Push Notification11:0
Push Notification11:0
Push Notification11:0
Push Notification12:0
Push Notification12:0
Push Notification12:0
Push Notification13:0
Push Notification13:0
Push Notification13:0
Push Notification14:0
Push Notification14:0
Push Notification14:0
Push Notification15:0
Push Notification15:0
Push Notification15:0
Push Notification16:0
Push Notification16:0
Push Notification16:0
Push Notification17:0
Push Notification17:0
Push Notification17:0
* 05-06-2017 Running Evening 18:00 PM Properly
Push Notification18:0
Push Notification18:0
Push Notification18:0
Push Notification19:0
Push Notification19:0
Push Notification19:0
Push Notification20:0
Push Notification20:0
Push Notification20:0
Push Notification21:0
Push Notification21:0
Push Notification21:0
Push Notification22:0
Push Notification22:0
Push Notification22:0
Push Notification23:0
Push Notification23:0
Push Notification23:0
* 05-06-2017 Running MIDNIGHT 23:59 PM Properly
-End Day-
-------------
File not open for writing
Push Notification0:0
Push Notification0:0
Push Notification0:0
Push Notification1:0
Push Notification1:0
Push Notification1:0
Push Notification2:0
Push Notification2:0
Push Notification2:0
Push Notification3:0
Push Notification3:0
Push Notification3:0
Push Notification4:0
Push Notification4:0
Push Notification4:0
Push Notification5:0
Push Notification5:0
Push Notification5:0
Push Notification6:0
Push Notification6:0
Push Notification6:0
Push Notification7:0
Push Notification7:0
Push Notification7:0
-------------
Begin new Day
* 19-06-2017 Running Morning 8:00 AM Properly
Push Notification8:0
Push Notification8:0
Push Notification8:0
Push Notification9:0
Push Notification9:0
Push Notification9:0
Push Notification10:0
Push Notification10:0
Push Notification10:0
Push Notification11:0
Push Notification11:0
Push Notification11:0
Push Notification12:0
Push Notification12:0
Push Notification12:0
Push Notification13:0
Push Notification13:0
Push Notification13:0
Push Notification14:0
Push Notification14:0
Push Notification14:0
Push Notification15:0
Push Notification15:0
Push Notification15:0
Push Notification16:0
Push Notification16:0
Push Notification16:0
Push Notification17:0
Push Notification17:0
Push Notification17:0
* 19-06-2017 Running Evening 18:00 PM Properly
Push Notification18:0
[Errno 2] No such file or directory: '19-6-2017'
[Errno 2] No such file or directory: '19-6-2017'
Push Notification18:0
Push Notification18:0
Push N